Environment setup complete!
Java version: openjdk version "21.0.2" 2024-01-16
Nextflow version:       version 25.04.2 build 5947

 N E X T F L O W   ~  version 25.04.2

Launching `https://github.com/nf-core/hlatyping` [lonely_snyder] DSL2 - revision: 7d27f7ea1c [2.1.0]


------------------------------------------------------
                                        ,--./,-.
        ___     __   __   __   ___     /,-._.--~'
  |\ | |__  __ /  ` /  \ |__) |__         }  {
  | \| |       \__, \__/ |  \ |___     \`-._,-`-,
                                        `._,._,'
  nf-core/hlatyping 2.1.0
------------------------------------------------------
Input/output options
  input              : /projects/academic/rpili/Jonathan_Lovell_project/data/sample_sheets/PV1_hlatyping.csv
  outdir             : /projects/academic/rpili/Jonathan_Lovell_project/results/PV1/PV1_hlatyping
  email              : tgross2@buffalo.edu

Generic options
  multiqc_logo       : /user/tgross2/.nextflow/assets/nf-core/hlatyping/assets/nf-core-hlatyping_logo_light.png
  trace_report_suffix: 2025-06-18_17-03-36

Core Nextflow options
  revision           : 2.1.0
  runName            : lonely_snyder
  containerEngine    : singularity
  launchDir          : /projects/academic/rpili/Jonathan_Lovell_project/hla_i_typing
  workDir            : /vscratch/grp-rpili/neoantigen/PV1_hlatyping
  projectDir         : /user/tgross2/.nextflow/assets/nf-core/hlatyping
  userName           : tgross2
  profile            : singularity
  configFiles        : /user/tgross2/.nextflow/assets/nf-core/hlatyping/nextflow.config, /projects/academic/rpili/tgross2/hlatyping_production.config

!! Only displaying parameters that differ from the pipeline defaults !!
------------------------------------------------------
* The pipeline
    https://doi.org/10.5281/zenodo.1401039

* The nf-core framework
    https://doi.org/10.1038/s41587-020-0439-x

* Software dependencies
    https://github.com/nf-core/hlatyping/blob/master/CITATIONS.md

WARN: The following invalid input values have been detected:

* --max_memory: 512.GB
* --max_cpus: 16
* --max_time: 24.h


[-        ] NFC…TYPING:HLATYPING:CAT_FASTQ -
[-        ] NFC…ING:HLATYPING:CHECK_PAIRED -
[-        ] NFC…PING:SAMTOOLS_COLLATEFASTQ -
[-        ] NFC…HLATYPING:HLATYPING:FASTQC -
[-        ] NFC…YPING:HLATYPING:YARA_INDEX -
[-        ] NFC…PING:HLATYPING:YARA_MAPPER -

[-        ] NFC…TYPING:HLATYPING:CAT_FASTQ -
[-        ] NFC…ING:HLATYPING:CHECK_PAIRED -
[-        ] NFC…PING:SAMTOOLS_COLLATEFASTQ -
[-        ] NFC…HLATYPING:HLATYPING:FASTQC -
[-        ] NFC…YPING:HLATYPING:YARA_INDEX -
[-        ] NFC…PING:HLATYPING:YARA_MAPPER -
[-        ] NFC…ATYPING:HLATYPING:OPTITYPE -
[-        ] NFC…LATYPING:HLATYPING:MULTIQC -

[-        ] NFC…TYPING:HLATYPING:CAT_FASTQ -
[-        ] NFC…ING:HLATYPING:CHECK_PAIRED -
[-        ] NFC…PING:SAMTOOLS_COLLATEFASTQ -
[-        ] NFC…HLATYPING:HLATYPING:FASTQC | 0 of 1
[-        ] NFC…YPING:HLATYPING:YARA_INDEX -
[-        ] NFC…PING:HLATYPING:YARA_MAPPER -
[-        ] NFC…ATYPING:HLATYPING:OPTITYPE -
[-        ] NFC…LATYPING:HLATYPING:MULTIQC -

executor >  local (2)
[-        ] NFC…TYPING:HLATYPING:CAT_FASTQ -
[-        ] NFC…ING:HLATYPING:CHECK_PAIRED -
[-        ] NFC…PING:SAMTOOLS_COLLATEFASTQ -
[5e/d9223c] NFC…ING:HLATYPING:FASTQC (PV1) | 0 of 1
[c5/868f19] NFC… (hla_reference_dna.fasta) | 0 of 1
[-        ] NFC…PING:HLATYPING:YARA_MAPPER -
[-        ] NFC…ATYPING:HLATYPING:OPTITYPE -
[-        ] NFC…LATYPING:HLATYPING:MULTIQC -

executor >  local (3)
[-        ] NFC…TYPING:HLATYPING:CAT_FASTQ -
[-        ] NFC…ING:HLATYPING:CHECK_PAIRED -
[-        ] NFC…PING:SAMTOOLS_COLLATEFASTQ -
[5e/d9223c] NFC…ING:HLATYPING:FASTQC (PV1) | 0 of 1
[c5/868f19] NFC… (hla_reference_dna.fasta) | 1 of 1 ✔
[44/e0d27f] NFC…LATYPING:YARA_MAPPER (PV1) | 0 of 1
[-        ] NFC…ATYPING:HLATYPING:OPTITYPE -
[-        ] NFC…LATYPING:HLATYPING:MULTIQC -

executor >  local (3)
[-        ] NFC…TYPING:HLATYPING:CAT_FASTQ -
[-        ] NFC…ING:HLATYPING:CHECK_PAIRED -
[-        ] NFC…PING:SAMTOOLS_COLLATEFASTQ -
[5e/d9223c] NFC…ING:HLATYPING:FASTQC (PV1) | 0 of 1
[c5/868f19] NFC… (hla_reference_dna.fasta) | 1 of 1 ✔
[44/e0d27f] NFC…LATYPING:YARA_MAPPER (PV1) | 0 of 1
[-        ] NFC…ATYPING:HLATYPING:OPTITYPE -
[-        ] NFC…LATYPING:HLATYPING:MULTIQC -

executor >  local (4)
[-        ] NFC…TYPING:HLATYPING:CAT_FASTQ -
[-        ] NFC…ING:HLATYPING:CHECK_PAIRED -
[-        ] NFC…PING:SAMTOOLS_COLLATEFASTQ -
[5e/d9223c] NFC…ING:HLATYPING:FASTQC (PV1) | 0 of 1
[c5/868f19] NFC… (hla_reference_dna.fasta) | 1 of 1 ✔
[44/e0d27f] NFC…LATYPING:YARA_MAPPER (PV1) | 1 of 1 ✔
[d8/cc7127] NFC…G:HLATYPING:OPTITYPE (PV1) | 0 of 1
[-        ] NFC…LATYPING:HLATYPING:MULTIQC -

executor >  local (4)
[-        ] NFC…TYPING:HLATYPING:CAT_FASTQ -
[-        ] NFC…ING:HLATYPING:CHECK_PAIRED -
[-        ] NFC…PING:SAMTOOLS_COLLATEFASTQ -
[5e/d9223c] NFC…ING:HLATYPING:FASTQC (PV1) | 0 of 1
[c5/868f19] NFC… (hla_reference_dna.fasta) | 1 of 1 ✔
[44/e0d27f] NFC…LATYPING:YARA_MAPPER (PV1) | 1 of 1 ✔
[d8/cc7127] NFC…G:HLATYPING:OPTITYPE (PV1) | 0 of 1
[-        ] NFC…LATYPING:HLATYPING:MULTIQC -

executor >  local (4)
[-        ] NFC…TYPING:HLATYPING:CAT_FASTQ -
[-        ] NFC…ING:HLATYPING:CHECK_PAIRED -
[-        ] NFC…PING:SAMTOOLS_COLLATEFASTQ -
[5e/d9223c] NFC…ING:HLATYPING:FASTQC (PV1) | 1 of 1 ✔
[c5/868f19] NFC… (hla_reference_dna.fasta) | 1 of 1 ✔
[44/e0d27f] NFC…LATYPING:YARA_MAPPER (PV1) | 1 of 1 ✔
[d8/cc7127] NFC…G:HLATYPING:OPTITYPE (PV1) | 0 of 1
[-        ] NFC…LATYPING:HLATYPING:MULTIQC -

executor >  local (4)
[-        ] NFC…TYPING:HLATYPING:CAT_FASTQ -
[-        ] NFC…ING:HLATYPING:CHECK_PAIRED -
[-        ] NFC…PING:SAMTOOLS_COLLATEFASTQ -
[5e/d9223c] NFC…ING:HLATYPING:FASTQC (PV1) | 1 of 1 ✔
[c5/868f19] NFC… (hla_reference_dna.fasta) | 1 of 1 ✔
[44/e0d27f] NFC…LATYPING:YARA_MAPPER (PV1) | 1 of 1 ✔
[d8/cc7127] NFC…G:HLATYPING:OPTITYPE (PV1) | 1 of 1 ✔
[-        ] NFC…LATYPING:HLATYPING:MULTIQC -

executor >  local (5)
[-        ] NFC…TYPING:HLATYPING:CAT_FASTQ -
[-        ] NFC…ING:HLATYPING:CHECK_PAIRED -
[-        ] NFC…PING:SAMTOOLS_COLLATEFASTQ -
[5e/d9223c] NFC…ING:HLATYPING:FASTQC (PV1) | 1 of 1 ✔
[c5/868f19] NFC… (hla_reference_dna.fasta) | 1 of 1 ✔
[44/e0d27f] NFC…LATYPING:YARA_MAPPER (PV1) | 1 of 1 ✔
[d8/cc7127] NFC…G:HLATYPING:OPTITYPE (PV1) | 1 of 1 ✔
[fe/8f3d33] NFC…LATYPING:HLATYPING:MULTIQC | 0 of 1

executor >  local (5)
[-        ] NFC…TYPING:HLATYPING:CAT_FASTQ -
[-        ] NFC…ING:HLATYPING:CHECK_PAIRED -
[-        ] NFC…PING:SAMTOOLS_COLLATEFASTQ -
[5e/d9223c] NFC…ING:HLATYPING:FASTQC (PV1) | 1 of 1 ✔
[c5/868f19] NFC… (hla_reference_dna.fasta) | 1 of 1 ✔
[44/e0d27f] NFC…LATYPING:YARA_MAPPER (PV1) | 1 of 1 ✔
[d8/cc7127] NFC…G:HLATYPING:OPTITYPE (PV1) | 1 of 1 ✔
[fe/8f3d33] NFC…LATYPING:HLATYPING:MULTIQC | 1 of 1 ✔

executor >  local (5)
[-        ] NFC…TYPING:HLATYPING:CAT_FASTQ -
[-        ] NFC…ING:HLATYPING:CHECK_PAIRED -
[-        ] NFC…PING:SAMTOOLS_COLLATEFASTQ -
[5e/d9223c] NFC…ING:HLATYPING:FASTQC (PV1) | 1 of 1 ✔
[c5/868f19] NFC… (hla_reference_dna.fasta) | 1 of 1 ✔
[44/e0d27f] NFC…LATYPING:YARA_MAPPER (PV1) | 1 of 1 ✔
[d8/cc7127] NFC…G:HLATYPING:OPTITYPE (PV1) | 1 of 1 ✔
[fe/8f3d33] NFC…LATYPING:HLATYPING:MULTIQC | 1 of 1 ✔
ERROR ~ Failed to invoke `workflow.onComplete` event handler

 -- Check script '/user/tgross2/.nextflow/assets/nf-core/hlatyping/subworkflows/local/utils_nfcore_hlatyping_pipeline/main.nf' at line: 137 or see '.nextflow.log' file for more details

executor >  local (5)
[-        ] NFC…TYPING:HLATYPING:CAT_FASTQ -
[-        ] NFC…ING:HLATYPING:CHECK_PAIRED -
[-        ] NFC…PING:SAMTOOLS_COLLATEFASTQ -
[5e/d9223c] NFC…ING:HLATYPING:FASTQC (PV1) | 1 of 1 ✔
[c5/868f19] NFC… (hla_reference_dna.fasta) | 1 of 1 ✔
[44/e0d27f] NFC…LATYPING:YARA_MAPPER (PV1) | 1 of 1 ✔
[d8/cc7127] NFC…G:HLATYPING:OPTITYPE (PV1) | 1 of 1 ✔
[fe/8f3d33] NFC…LATYPING:HLATYPING:MULTIQC | 1 of 1 ✔
WARN: Graphviz is required to render the execution DAG in the given format -- See http://www.graphviz.org for more info.
ERROR ~ Failed to invoke `workflow.onComplete` event handler

 -- Check script '/user/tgross2/.nextflow/assets/nf-core/hlatyping/subworkflows/local/utils_nfcore_hlatyping_pipeline/main.nf' at line: 137 or see '.nextflow.log' file for more details
Completed at: 18-Jun-2025 18:06:55
Duration    : 1h 3m 16s
CPU hours   : 7.3
Succeeded   : 5


